<?xml version="1.0" encoding="UTF-8"?>
<!-- Generated by org.testng.reporters.JUnitReportReporter -->
<testsuite name="br.com.treinaweb.selenium.tests.HelloSeleniunTest" tests="1" time="0.826" ignored="0" failures="0" timestamp="11 ago 2021 13:21:41 GMT" skipped="0" hostname="DIEFERSONPC" errors="0">
  <testcase name="testHelloSelenium" time="0.826" classname="br.com.treinaweb.selenium.tests.HelloSeleniunTest"/>
</testsuite> <!-- br.com.treinaweb.selenium.tests.HelloSeleniunTest -->
